Performing C SOURCE FILE Test CMAKE_HAVE_LIBC_PTHREAD failed with the following output:
Change Dir: /com.docker.devenvironments.code/Test/PA1_Bonus/build/CMakeFiles/CMakeTmp

Run Build Command(s):/usr/bin/gmake cmTC_dfc1e/fast && gmake: Warning: File 'Makefile' has modification time 0.058 s in the future
/usr/bin/gmake  -f CMakeFiles/cmTC_dfc1e.dir/build.make CMakeFiles/cmTC_dfc1e.dir/build
gmake[1]: Entering directory '/com.docker.devenvironments.code/Test/PA1_Bonus/build/CMakeFiles/CMakeTmp'
gmake[1]: Warning: File 'CMakeFiles/cmTC_dfc1e.dir/flags.make' has modification time 0.047 s in the future
Building C object CMakeFiles/cmTC_dfc1e.dir/src.c.o
/usr/bin/cc   -DCMAKE_HAVE_LIBC_PTHREAD -o CMakeFiles/cmTC_dfc1e.dir/src.c.o -c /com.docker.devenvironments.code/Test/PA1_Bonus/build/CMakeFiles/CMakeTmp/src.c
Linking C executable cmTC_dfc1e
/usr/bin/cmake -E cmake_link_script CMakeFiles/cmTC_dfc1e.dir/link.txt --verbose=1
/usr/bin/cc  -DCMAKE_HAVE_LIBC_PTHREAD CMakeFiles/cmTC_dfc1e.dir/src.c.o -o cmTC_dfc1e 
/usr/bin/ld: CMakeFiles/cmTC_dfc1e.dir/src.c.o: in function `main':
src.c:(.text+0x2f): undefined reference to `pthread_create'
/usr/bin/ld: src.c:(.text+0x3b): undefined reference to `pthread_detach'
/usr/bin/ld: src.c:(.text+0x47): undefined reference to `pthread_cancel'
/usr/bin/ld: src.c:(.text+0x58): undefined reference to `pthread_join'
collect2: error: ld returned 1 exit status
gmake[1]: *** [CMakeFiles/cmTC_dfc1e.dir/build.make:106: cmTC_dfc1e] Error 1
gmake[1]: Leaving directory '/com.docker.devenvironments.code/Test/PA1_Bonus/build/CMakeFiles/CMakeTmp'
gmake: *** [Makefile:140: cmTC_dfc1e/fast] Error 2


Source file was:
#include <pthread.h>

void* test_func(void* data)
{
  return data;
}

int main(void)
{
  pthread_t thread;
  pthread_create(&thread, NULL, test_func, NULL);
  pthread_detach(thread);
  pthread_cancel(thread);
  pthread_join(thread, NULL);
  pthread_atfork(NULL, NULL, NULL);
  pthread_exit(NULL);

  return 0;
}

Determining if the function pthread_create exists in the pthreads failed with the following output:
Change Dir: /com.docker.devenvironments.code/Test/PA1_Bonus/build/CMakeFiles/CMakeTmp

Run Build Command(s):/usr/bin/gmake cmTC_26292/fast && gmake: Warning: File 'Makefile' has modification time 0.014 s in the future
/usr/bin/gmake  -f CMakeFiles/cmTC_26292.dir/build.make CMakeFiles/cmTC_26292.dir/build
gmake[1]: Entering directory '/com.docker.devenvironments.code/Test/PA1_Bonus/build/CMakeFiles/CMakeTmp'
gmake[1]: Warning: File 'CMakeFiles/cmTC_26292.dir/flags.make' has modification time 0.0025 s in the future
Building C object CMakeFiles/cmTC_26292.dir/CheckFunctionExists.c.o
/usr/bin/cc   -DCHECK_FUNCTION_EXISTS=pthread_create -o CMakeFiles/cmTC_26292.dir/CheckFunctionExists.c.o -c /usr/share/cmake-3.18/Modules/CheckFunctionExists.c
Linking C executable cmTC_26292
/usr/bin/cmake -E cmake_link_script CMakeFiles/cmTC_26292.dir/link.txt --verbose=1
/usr/bin/cc  -DCHECK_FUNCTION_EXISTS=pthread_create CMakeFiles/cmTC_26292.dir/CheckFunctionExists.c.o -o cmTC_26292  -lpthreads 
/usr/bin/ld: cannot find -lpthreads
collect2: error: ld returned 1 exit status
gmake[1]: *** [CMakeFiles/cmTC_26292.dir/build.make:106: cmTC_26292] Error 1
gmake[1]: Leaving directory '/com.docker.devenvironments.code/Test/PA1_Bonus/build/CMakeFiles/CMakeTmp'
gmake: *** [Makefile:140: cmTC_26292/fast] Error 2



